
                   ####     ######    #####
                   ##  ##   ##       ##    
                   ##   #   ######    #### 
                   ##  ##   ##           ##
                   ####     ##       ##### 

               ################################
               ##   Communications Control   ##
               ################################

Menu
----

1. Startup communications.
2. Shutdown communications.
3. Logout.

Please select your action >

Operation is not implemented yet.
Log in as user level1 to automatically perform this operation. --mb

Username: level1
Password: bLFws2fv4


Menu
----

1. Startup communications.
2. Shutdown communications.
3. Logout.

Please select your action >
Please come again!
